0 verbose cli /nix/store/z05gk72w5i2d4as6kdx338q4c1jy5y1f-nodejs-slim-24.14.0/bin/node /nix/store/l70qcnjd43qgk91554kmvszb7dpljqsa-nodejs-slim-24.14.0-npm/lib/node_modules/npm/bin/npm-cli.js
1 info using npm@11.9.0
2 info using node@v24.14.0
3 silly config load:file:/nix/store/l70qcnjd43qgk91554kmvszb7dpljqsa-nodejs-slim-24.14.0-npm/lib/node_modules/npm/npmrc
4 silly config load:file:/Users/tener/project/blog/.npmrc
5 silly config load:file:/Users/tener/.npmrc
6 silly config load:file:/nix/store/z05gk72w5i2d4as6kdx338q4c1jy5y1f-nodejs-slim-24.14.0/etc/npmrc
7 verbose title npm exec blowfish-tools --helop
8 verbose argv "exec" "--yes" "--" "blowfish-tools" "--helop"
9 verbose logfile logs-max:10 dir:/Users/tener/project/blog/.npm-cache/_logs/2026-04-22T01_47_56_084Z-
10 verbose logfile /Users/tener/project/blog/.npm-cache/_logs/2026-04-22T01_47_56_084Z-debug-0.log
11 silly logfile done cleaning log files
12 silly packumentCache heap:4496293888 maxSize:1124073472 maxEntrySize:562036736
13 http fetch GET 200 https://registry.npmjs.org/npm 178ms
14 http fetch GET 200 https://registry.npmjs.org/blowfish-tools 242ms (cache miss)
15 silly packumentCache heap:4496293888 maxSize:1124073472 maxEntrySize:562036736
16 verbose Could not read global path /nix/store/z05gk72w5i2d4as6kdx338q4c1jy5y1f-nodejs-slim-24.14.0/lib, ignoring
17 silly packumentCache heap:4496293888 maxSize:1124073472 maxEntrySize:562036736
18 silly idealTree buildDeps
19 silly fetch manifest blowfish-tools@1.13.1
20 silly packumentCache full:https://registry.npmjs.org/blowfish-tools cache-miss
21 http fetch GET 200 https://registry.npmjs.org/blowfish-tools 140ms (cache miss)
22 silly packumentCache full:https://registry.npmjs.org/blowfish-tools set size:undefined disposed:false
23 silly placeDep ROOT blowfish-tools@1.13.1 OK for:  want: 1.13.1
24 silly fetch manifest @iarna/toml@^2.2.5
25 silly packumentCache full:https://registry.npmjs.org/@iarna%2ftoml cache-miss
26 silly fetch manifest chalk@^5.3.0
27 silly packumentCache full:https://registry.npmjs.org/chalk cache-miss
28 silly fetch manifest command-exists@^1.2.9
29 silly packumentCache full:https://registry.npmjs.org/command-exists cache-miss
30 silly fetch manifest commander@^11.1.0
31 silly packumentCache full:https://registry.npmjs.org/commander cache-miss
32 silly fetch manifest enquirer@^2.4.1
33 silly packumentCache full:https://registry.npmjs.org/enquirer cache-miss
34 silly fetch manifest ora@^8.0.1
35 silly packumentCache full:https://registry.npmjs.org/ora cache-miss
36 silly fetch manifest tcp-port-used@^1.0.2
37 silly packumentCache full:https://registry.npmjs.org/tcp-port-used cache-miss
38 http fetch GET 200 https://registry.npmjs.org/chalk 51ms (cache miss)
39 silly packumentCache full:https://registry.npmjs.org/chalk set size:undefined disposed:false
40 http fetch GET 200 https://registry.npmjs.org/@iarna%2ftoml 55ms (cache miss)
41 silly packumentCache full:https://registry.npmjs.org/@iarna%2ftoml set size:undefined disposed:false
42 http fetch GET 200 https://registry.npmjs.org/tcp-port-used 87ms (cache miss)
43 silly packumentCache full:https://registry.npmjs.org/tcp-port-used set size:undefined disposed:false
44 http fetch GET 200 https://registry.npmjs.org/command-exists 89ms (cache miss)
45 silly packumentCache full:https://registry.npmjs.org/command-exists set size:undefined disposed:false
46 http fetch GET 200 https://registry.npmjs.org/enquirer 91ms (cache miss)
47 silly packumentCache full:https://registry.npmjs.org/enquirer set size:undefined disposed:false
48 http fetch GET 200 https://registry.npmjs.org/commander 95ms (cache miss)
49 silly packumentCache full:https://registry.npmjs.org/commander set size:undefined disposed:false
50 http fetch GET 200 https://registry.npmjs.org/ora 97ms (cache miss)
51 silly packumentCache full:https://registry.npmjs.org/ora set size:undefined disposed:false
52 silly placeDep ROOT @iarna/toml@2.2.5 OK for: blowfish-tools@1.13.1 want: ^2.2.5
53 silly placeDep ROOT chalk@5.6.2 OK for: blowfish-tools@1.13.1 want: ^5.3.0
54 silly placeDep ROOT command-exists@1.2.9 OK for: blowfish-tools@1.13.1 want: ^1.2.9
55 silly placeDep ROOT commander@11.1.0 OK for: blowfish-tools@1.13.1 want: ^11.1.0
56 silly placeDep ROOT enquirer@2.4.1 OK for: blowfish-tools@1.13.1 want: ^2.4.1
57 silly placeDep ROOT ora@8.2.0 OK for: blowfish-tools@1.13.1 want: ^8.0.1
58 silly placeDep ROOT tcp-port-used@1.0.2 OK for: blowfish-tools@1.13.1 want: ^1.0.2
59 silly fetch manifest ansi-colors@^4.1.1
60 silly packumentCache full:https://registry.npmjs.org/ansi-colors cache-miss
61 silly fetch manifest strip-ansi@^6.0.1
62 silly packumentCache full:https://registry.npmjs.org/strip-ansi cache-miss
63 silly fetch manifest cli-cursor@^5.0.0
64 silly packumentCache full:https://registry.npmjs.org/cli-cursor cache-miss
65 silly fetch manifest strip-ansi@^7.1.0
66 silly packumentCache full:https://registry.npmjs.org/strip-ansi cache-miss
67 silly fetch manifest log-symbols@^6.0.0
68 silly packumentCache full:https://registry.npmjs.org/log-symbols cache-miss
69 silly fetch manifest cli-spinners@^2.9.2
70 silly packumentCache full:https://registry.npmjs.org/cli-spinners cache-miss
71 silly fetch manifest string-width@^7.2.0
72 silly packumentCache full:https://registry.npmjs.org/string-width cache-miss
73 silly fetch manifest is-interactive@^2.0.0
74 silly packumentCache full:https://registry.npmjs.org/is-interactive cache-miss
75 silly fetch manifest stdin-discarder@^0.2.2
76 silly packumentCache full:https://registry.npmjs.org/stdin-discarder cache-miss
77 http fetch GET 200 https://registry.npmjs.org/cli-cursor 61ms (cache miss)
78 silly packumentCache full:https://registry.npmjs.org/cli-cursor set size:undefined disposed:false
79 silly fetch manifest is-unicode-supported@^2.0.0
80 silly packumentCache full:https://registry.npmjs.org/is-unicode-supported cache-miss
81 http fetch GET 200 https://registry.npmjs.org/cli-spinners 61ms (cache miss)
82 silly packumentCache full:https://registry.npmjs.org/cli-spinners set size:undefined disposed:false
83 silly fetch manifest debug@4.3.1
84 silly packumentCache full:https://registry.npmjs.org/debug cache-miss
85 http fetch GET 200 https://registry.npmjs.org/log-symbols 64ms (cache miss)
86 silly packumentCache full:https://registry.npmjs.org/log-symbols set size:undefined disposed:false
87 silly fetch manifest is2@^2.0.6
88 silly packumentCache full:https://registry.npmjs.org/is2 cache-miss
89 http fetch GET 200 https://registry.npmjs.org/ansi-colors 65ms (cache miss)
90 silly packumentCache full:https://registry.npmjs.org/ansi-colors set size:undefined disposed:false
91 http fetch GET 200 https://registry.npmjs.org/strip-ansi 65ms (cache miss)
92 silly packumentCache full:https://registry.npmjs.org/strip-ansi set size:undefined disposed:false
93 http fetch GET 200 https://registry.npmjs.org/strip-ansi 66ms (cache miss)
94 silly packumentCache full:https://registry.npmjs.org/strip-ansi set size:undefined disposed:false
95 http fetch GET 200 https://registry.npmjs.org/string-width 65ms (cache miss)
96 silly packumentCache full:https://registry.npmjs.org/string-width set size:undefined disposed:false
97 http fetch GET 200 https://registry.npmjs.org/is-unicode-supported 27ms (cache miss)
98 silly packumentCache full:https://registry.npmjs.org/is-unicode-supported set size:undefined disposed:false
99 http fetch GET 200 https://registry.npmjs.org/stdin-discarder 90ms (cache miss)
100 silly packumentCache full:https://registry.npmjs.org/stdin-discarder set size:undefined disposed:false
101 http fetch GET 200 https://registry.npmjs.org/is2 104ms (cache miss)
102 silly packumentCache full:https://registry.npmjs.org/is2 set size:undefined disposed:false
103 http fetch GET 200 https://registry.npmjs.org/is-interactive 168ms (cache miss)
104 silly packumentCache full:https://registry.npmjs.org/is-interactive set size:undefined disposed:false
105 http fetch GET 200 https://registry.npmjs.org/debug 107ms (cache miss)
106 silly packumentCache full:https://registry.npmjs.org/debug set size:undefined disposed:false
107 silly placeDep ROOT ansi-colors@4.1.3 OK for: enquirer@2.4.1 want: ^4.1.1
108 silly placeDep ROOT strip-ansi@6.0.1 OK for: enquirer@2.4.1 want: ^6.0.1
109 silly fetch manifest ansi-regex@^5.0.1
110 silly packumentCache full:https://registry.npmjs.org/ansi-regex cache-miss
111 http fetch GET 200 https://registry.npmjs.org/ansi-regex 28ms (cache miss)
112 silly packumentCache full:https://registry.npmjs.org/ansi-regex set size:undefined disposed:false
113 silly placeDep ROOT cli-cursor@5.0.0 OK for: ora@8.2.0 want: ^5.0.0
114 silly placeDep ROOT cli-spinners@2.9.2 OK for: ora@8.2.0 want: ^2.9.2
115 silly placeDep ROOT is-interactive@2.0.0 OK for: ora@8.2.0 want: ^2.0.0
116 silly placeDep ROOT is-unicode-supported@2.1.0 OK for: ora@8.2.0 want: ^2.0.0
117 silly placeDep ROOT log-symbols@6.0.0 OK for: ora@8.2.0 want: ^6.0.0
118 silly placeDep ROOT stdin-discarder@0.2.2 OK for: ora@8.2.0 want: ^0.2.2
119 silly placeDep ROOT string-width@7.2.0 OK for: ora@8.2.0 want: ^7.2.0
120 silly placeDep node_modules/ora strip-ansi@7.2.0 OK for: ora@8.2.0 want: ^7.1.0
121 silly fetch manifest restore-cursor@^5.0.0
122 silly packumentCache full:https://registry.npmjs.org/restore-cursor cache-miss
123 silly fetch manifest is-unicode-supported@^1.3.0
124 silly packumentCache full:https://registry.npmjs.org/is-unicode-supported cache-miss
125 silly fetch manifest emoji-regex@^10.3.0
126 silly packumentCache full:https://registry.npmjs.org/emoji-regex cache-miss
127 silly fetch manifest get-east-asian-width@^1.0.0
128 silly packumentCache full:https://registry.npmjs.org/get-east-asian-width cache-miss
129 silly fetch manifest ansi-regex@^6.2.2
130 silly packumentCache full:https://registry.npmjs.org/ansi-regex cache-miss
131 http cache https://registry.npmjs.org/is-unicode-supported 5ms (cache hit)
132 silly packumentCache full:https://registry.npmjs.org/is-unicode-supported set size:19461 disposed:false
133 http cache https://registry.npmjs.org/ansi-regex 5ms (cache hit)
134 silly packumentCache full:https://registry.npmjs.org/ansi-regex set size:43572 disposed:false
135 http fetch GET 200 https://registry.npmjs.org/get-east-asian-width 41ms (cache miss)
136 silly packumentCache full:https://registry.npmjs.org/get-east-asian-width set size:undefined disposed:false
137 http fetch GET 200 https://registry.npmjs.org/restore-cursor 42ms (cache miss)
138 silly packumentCache full:https://registry.npmjs.org/restore-cursor set size:undefined disposed:false
139 http fetch GET 200 https://registry.npmjs.org/emoji-regex 42ms (cache miss)
140 silly packumentCache full:https://registry.npmjs.org/emoji-regex set size:undefined disposed:false
141 silly placeDep ROOT restore-cursor@5.1.0 OK for: cli-cursor@5.0.0 want: ^5.0.0
142 silly fetch manifest onetime@^7.0.0
143 silly packumentCache full:https://registry.npmjs.org/onetime cache-miss
144 silly fetch manifest signal-exit@^4.1.0
145 silly packumentCache full:https://registry.npmjs.org/signal-exit cache-miss
146 http fetch GET 200 https://registry.npmjs.org/onetime 28ms (cache miss)
147 silly packumentCache full:https://registry.npmjs.org/onetime set size:undefined disposed:false
148 http fetch GET 200 https://registry.npmjs.org/signal-exit 31ms (cache miss)
149 silly packumentCache full:https://registry.npmjs.org/signal-exit set size:undefined disposed:false
150 silly placeDep node_modules/log-symbols is-unicode-supported@1.3.0 OK for: log-symbols@6.0.0 want: ^1.3.0
151 silly placeDep ROOT onetime@7.0.0 OK for: restore-cursor@5.1.0 want: ^7.0.0
152 silly placeDep ROOT signal-exit@4.1.0 OK for: restore-cursor@5.1.0 want: ^4.1.0
153 silly fetch manifest mimic-function@^5.0.0
154 silly packumentCache full:https://registry.npmjs.org/mimic-function cache-miss
155 http fetch GET 200 https://registry.npmjs.org/mimic-function 27ms (cache miss)
156 silly packumentCache full:https://registry.npmjs.org/mimic-function set size:undefined disposed:false
157 silly placeDep ROOT mimic-function@5.0.1 OK for: onetime@7.0.0 want: ^5.0.0
158 silly placeDep ROOT emoji-regex@10.6.0 OK for: string-width@7.2.0 want: ^10.3.0
159 silly placeDep ROOT get-east-asian-width@1.5.0 OK for: string-width@7.2.0 want: ^1.0.0
160 silly placeDep node_modules/string-width strip-ansi@7.2.0 OK for: string-width@7.2.0 want: ^7.1.0
161 silly placeDep ROOT ansi-regex@5.0.1 OK for: strip-ansi@6.0.1 want: ^5.0.1
162 silly placeDep ROOT debug@4.3.1 OK for: tcp-port-used@1.0.2 want: 4.3.1
163 silly placeDep ROOT is2@2.0.9 OK for: tcp-port-used@1.0.2 want: ^2.0.6
164 silly fetch manifest ms@2.1.2
165 silly packumentCache full:https://registry.npmjs.org/ms cache-miss
166 silly fetch manifest deep-is@^0.1.3
167 silly packumentCache full:https://registry.npmjs.org/deep-is cache-miss
168 silly fetch manifest ip-regex@^4.1.0
169 silly packumentCache full:https://registry.npmjs.org/ip-regex cache-miss
170 silly fetch manifest is-url@^1.2.4
171 silly packumentCache full:https://registry.npmjs.org/is-url cache-miss
172 http fetch GET 200 https://registry.npmjs.org/ip-regex 42ms (cache miss)
173 silly packumentCache full:https://registry.npmjs.org/ip-regex set size:undefined disposed:false
174 http fetch GET 200 https://registry.npmjs.org/is-url 43ms (cache miss)
175 silly packumentCache full:https://registry.npmjs.org/is-url set size:undefined disposed:false
176 http fetch GET 200 https://registry.npmjs.org/ms 43ms (cache miss)
177 silly packumentCache full:https://registry.npmjs.org/ms set size:undefined disposed:false
178 http fetch GET 200 https://registry.npmjs.org/deep-is 53ms (cache miss)
179 silly packumentCache full:https://registry.npmjs.org/deep-is set size:undefined disposed:false
180 silly placeDep ROOT ms@2.1.2 OK for: debug@4.3.1 want: 2.1.2
181 silly placeDep ROOT deep-is@0.1.4 OK for: is2@2.0.9 want: ^0.1.3
182 silly placeDep ROOT ip-regex@4.3.0 OK for: is2@2.0.9 want: ^4.1.0
183 silly placeDep ROOT is-url@1.2.4 OK for: is2@2.0.9 want: ^1.2.4
184 silly placeDep node_modules/ora ansi-regex@6.2.2 OK for: strip-ansi@7.2.0 want: ^6.2.2
185 silly placeDep node_modules/string-width ansi-regex@6.2.2 OK for: strip-ansi@7.2.0 want: ^6.2.2
186 silly reify moves {}
187 silly audit bulk request {
187 silly audit   'blowfish-tools': [ '1.13.1' ],
187 silly audit   '@iarna/toml': [ '2.2.5' ],
187 silly audit   chalk: [ '5.6.2' ],
187 silly audit   'command-exists': [ '1.2.9' ],
187 silly audit   commander: [ '11.1.0' ],
187 silly audit   enquirer: [ '2.4.1' ],
187 silly audit   ora: [ '8.2.0' ],
187 silly audit   'tcp-port-used': [ '1.0.2' ],
187 silly audit   'ansi-colors': [ '4.1.3' ],
187 silly audit   'strip-ansi': [ '6.0.1', '7.2.0' ],
187 silly audit   'cli-cursor': [ '5.0.0' ],
187 silly audit   'cli-spinners': [ '2.9.2' ],
187 silly audit   'is-interactive': [ '2.0.0' ],
187 silly audit   'is-unicode-supported': [ '2.1.0', '1.3.0' ],
187 silly audit   'log-symbols': [ '6.0.0' ],
187 silly audit   'stdin-discarder': [ '0.2.2' ],
187 silly audit   'string-width': [ '7.2.0' ],
187 silly audit   'restore-cursor': [ '5.1.0' ],
187 silly audit   onetime: [ '7.0.0' ],
187 silly audit   'signal-exit': [ '4.1.0' ],
187 silly audit   'mimic-function': [ '5.0.1' ],
187 silly audit   'emoji-regex': [ '10.6.0' ],
187 silly audit   'get-east-asian-width': [ '1.5.0' ],
187 silly audit   'ansi-regex': [ '5.0.1', '6.2.2' ],
187 silly audit   debug: [ '4.3.1' ],
187 silly audit   is2: [ '2.0.9' ],
187 silly audit   ms: [ '2.1.2' ],
187 silly audit   'deep-is': [ '0.1.4' ],
187 silly audit   'ip-regex': [ '4.3.0' ],
187 silly audit   'is-url': [ '1.2.4' ]
187 silly audit }
188 http cache is-url@https://registry.npmjs.org/is-url/-/is-url-1.2.4.tgz 0ms (cache hit)
189 http cache ip-regex@https://registry.npmjs.org/ip-regex/-/ip-regex-4.3.0.tgz 0ms (cache hit)
190 http cache debug@https://registry.npmjs.org/debug/-/debug-4.3.1.tgz 0ms (cache hit)
191 http cache is2@https://registry.npmjs.org/is2/-/is2-2.0.9.tgz 0ms (cache hit)
192 http cache deep-is@https://registry.npmjs.org/deep-is/-/deep-is-0.1.4.tgz 0ms (cache hit)
193 http cache ms@https://registry.npmjs.org/ms/-/ms-2.1.2.tgz 0ms (cache hit)
194 http cache get-east-asian-width@https://registry.npmjs.org/get-east-asian-width/-/get-east-asian-width-1.5.0.tgz 0ms (cache hit)
195 http cache ansi-regex@https://registry.npmjs.org/ansi-regex/-/ansi-regex-5.0.1.tgz 0ms (cache hit)
196 http cache signal-exit@https://registry.npmjs.org/signal-exit/-/signal-exit-4.1.0.tgz 0ms (cache hit)
197 http cache mimic-function@https://registry.npmjs.org/mimic-function/-/mimic-function-5.0.1.tgz 0ms (cache hit)
198 http cache emoji-regex@https://registry.npmjs.org/emoji-regex/-/emoji-regex-10.6.0.tgz 0ms (cache hit)
199 http cache restore-cursor@https://registry.npmjs.org/restore-cursor/-/restore-cursor-5.1.0.tgz 0ms (cache hit)
200 http cache onetime@https://registry.npmjs.org/onetime/-/onetime-7.0.0.tgz 0ms (cache hit)
201 http cache stdin-discarder@https://registry.npmjs.org/stdin-discarder/-/stdin-discarder-0.2.2.tgz 0ms (cache hit)
202 http cache string-width@https://registry.npmjs.org/string-width/-/string-width-7.2.0.tgz 0ms (cache hit)
203 http cache log-symbols@https://registry.npmjs.org/log-symbols/-/log-symbols-6.0.0.tgz 0ms (cache hit)
204 http cache is-unicode-supported@https://registry.npmjs.org/is-unicode-supported/-/is-unicode-supported-2.1.0.tgz 0ms (cache hit)
205 http cache cli-cursor@https://registry.npmjs.org/cli-cursor/-/cli-cursor-5.0.0.tgz 0ms (cache hit)
206 http cache ansi-colors@https://registry.npmjs.org/ansi-colors/-/ansi-colors-4.1.3.tgz 0ms (cache hit)
207 http cache tcp-port-used@https://registry.npmjs.org/tcp-port-used/-/tcp-port-used-1.0.2.tgz 0ms (cache hit)
208 http cache cli-spinners@https://registry.npmjs.org/cli-spinners/-/cli-spinners-2.9.2.tgz 0ms (cache hit)
209 http cache ora@https://registry.npmjs.org/ora/-/ora-8.2.0.tgz 0ms (cache hit)
210 http cache enquirer@https://registry.npmjs.org/enquirer/-/enquirer-2.4.1.tgz 0ms (cache hit)
211 http cache commander@https://registry.npmjs.org/commander/-/commander-11.1.0.tgz 0ms (cache hit)
212 http cache command-exists@https://registry.npmjs.org/command-exists/-/command-exists-1.2.9.tgz 0ms (cache hit)
213 http cache chalk@https://registry.npmjs.org/chalk/-/chalk-5.6.2.tgz 0ms (cache hit)
214 http cache @iarna/toml@https://registry.npmjs.org/@iarna/toml/-/toml-2.2.5.tgz 0ms (cache hit)
215 http cache strip-ansi@https://registry.npmjs.org/strip-ansi/-/strip-ansi-6.0.1.tgz 0ms (cache hit)
216 http cache blowfish-tools@https://registry.npmjs.org/blowfish-tools/-/blowfish-tools-1.13.1.tgz 0ms (cache hit)
217 http cache is-unicode-supported@https://registry.npmjs.org/is-unicode-supported/-/is-unicode-supported-1.3.0.tgz 0ms (cache hit)
218 http cache ansi-regex@https://registry.npmjs.org/ansi-regex/-/ansi-regex-6.2.2.tgz 0ms (cache hit)
219 http cache is-interactive@https://registry.npmjs.org/is-interactive/-/is-interactive-2.0.0.tgz 0ms (cache hit)
220 silly tarball no local data for is-url@https://registry.npmjs.org/is-url/-/is-url-1.2.4.tgz. Extracting by manifest.
221 silly tarball no local data for ip-regex@https://registry.npmjs.org/ip-regex/-/ip-regex-4.3.0.tgz. Extracting by manifest.
222 silly tarball no local data for debug@https://registry.npmjs.org/debug/-/debug-4.3.1.tgz. Extracting by manifest.
223 silly tarball no local data for is2@https://registry.npmjs.org/is2/-/is2-2.0.9.tgz. Extracting by manifest.
224 silly tarball no local data for deep-is@https://registry.npmjs.org/deep-is/-/deep-is-0.1.4.tgz. Extracting by manifest.
225 silly tarball no local data for ms@https://registry.npmjs.org/ms/-/ms-2.1.2.tgz. Extracting by manifest.
226 http cache ansi-regex@https://registry.npmjs.org/ansi-regex/-/ansi-regex-6.2.2.tgz 0ms (cache hit)
227 silly tarball no local data for get-east-asian-width@https://registry.npmjs.org/get-east-asian-width/-/get-east-asian-width-1.5.0.tgz. Extracting by manifest.
228 http cache strip-ansi@https://registry.npmjs.org/strip-ansi/-/strip-ansi-7.2.0.tgz 0ms (cache hit)
229 silly tarball no local data for ansi-regex@https://registry.npmjs.org/ansi-regex/-/ansi-regex-5.0.1.tgz. Extracting by manifest.
230 silly tarball no local data for signal-exit@https://registry.npmjs.org/signal-exit/-/signal-exit-4.1.0.tgz. Extracting by manifest.
231 http cache strip-ansi@https://registry.npmjs.org/strip-ansi/-/strip-ansi-7.2.0.tgz 0ms (cache hit)
232 silly tarball no local data for mimic-function@https://registry.npmjs.org/mimic-function/-/mimic-function-5.0.1.tgz. Extracting by manifest.
233 silly tarball no local data for emoji-regex@https://registry.npmjs.org/emoji-regex/-/emoji-regex-10.6.0.tgz. Extracting by manifest.
234 silly tarball no local data for restore-cursor@https://registry.npmjs.org/restore-cursor/-/restore-cursor-5.1.0.tgz. Extracting by manifest.
235 silly tarball no local data for onetime@https://registry.npmjs.org/onetime/-/onetime-7.0.0.tgz. Extracting by manifest.
236 silly tarball no local data for stdin-discarder@https://registry.npmjs.org/stdin-discarder/-/stdin-discarder-0.2.2.tgz. Extracting by manifest.
237 silly tarball no local data for string-width@https://registry.npmjs.org/string-width/-/string-width-7.2.0.tgz. Extracting by manifest.
238 silly tarball no local data for log-symbols@https://registry.npmjs.org/log-symbols/-/log-symbols-6.0.0.tgz. Extracting by manifest.
239 silly tarball no local data for is-unicode-supported@https://registry.npmjs.org/is-unicode-supported/-/is-unicode-supported-2.1.0.tgz. Extracting by manifest.
240 silly tarball no local data for cli-cursor@https://registry.npmjs.org/cli-cursor/-/cli-cursor-5.0.0.tgz. Extracting by manifest.
241 silly tarball no local data for ansi-colors@https://registry.npmjs.org/ansi-colors/-/ansi-colors-4.1.3.tgz. Extracting by manifest.
242 silly tarball no local data for tcp-port-used@https://registry.npmjs.org/tcp-port-used/-/tcp-port-used-1.0.2.tgz. Extracting by manifest.
243 silly tarball no local data for cli-spinners@https://registry.npmjs.org/cli-spinners/-/cli-spinners-2.9.2.tgz. Extracting by manifest.
244 silly tarball no local data for ora@https://registry.npmjs.org/ora/-/ora-8.2.0.tgz. Extracting by manifest.
245 silly tarball no local data for enquirer@https://registry.npmjs.org/enquirer/-/enquirer-2.4.1.tgz. Extracting by manifest.
246 silly tarball no local data for commander@https://registry.npmjs.org/commander/-/commander-11.1.0.tgz. Extracting by manifest.
247 silly tarball no local data for command-exists@https://registry.npmjs.org/command-exists/-/command-exists-1.2.9.tgz. Extracting by manifest.
248 silly tarball no local data for chalk@https://registry.npmjs.org/chalk/-/chalk-5.6.2.tgz. Extracting by manifest.
249 silly tarball no local data for @iarna/toml@https://registry.npmjs.org/@iarna/toml/-/toml-2.2.5.tgz. Extracting by manifest.
250 silly tarball no local data for strip-ansi@https://registry.npmjs.org/strip-ansi/-/strip-ansi-6.0.1.tgz. Extracting by manifest.
251 silly tarball no local data for blowfish-tools@https://registry.npmjs.org/blowfish-tools/-/blowfish-tools-1.13.1.tgz. Extracting by manifest.
252 silly tarball no local data for is-unicode-supported@https://registry.npmjs.org/is-unicode-supported/-/is-unicode-supported-1.3.0.tgz. Extracting by manifest.
253 silly tarball no local data for ansi-regex@https://registry.npmjs.org/ansi-regex/-/ansi-regex-6.2.2.tgz. Extracting by manifest.
254 silly tarball no local data for is-interactive@https://registry.npmjs.org/is-interactive/-/is-interactive-2.0.0.tgz. Extracting by manifest.
255 silly tarball no local data for ansi-regex@https://registry.npmjs.org/ansi-regex/-/ansi-regex-6.2.2.tgz. Extracting by manifest.
256 silly tarball no local data for strip-ansi@https://registry.npmjs.org/strip-ansi/-/strip-ansi-7.2.0.tgz. Extracting by manifest.
257 silly tarball no local data for strip-ansi@https://registry.npmjs.org/strip-ansi/-/strip-ansi-7.2.0.tgz. Extracting by manifest.
258 http fetch GET 200 https://registry.npmjs.org/ip-regex/-/ip-regex-4.3.0.tgz 45ms (cache miss)
259 http fetch GET 200 https://registry.npmjs.org/ansi-regex/-/ansi-regex-5.0.1.tgz 45ms (cache miss)
260 http fetch GET 200 https://registry.npmjs.org/deep-is/-/deep-is-0.1.4.tgz 46ms (cache miss)
261 http fetch GET 200 https://registry.npmjs.org/get-east-asian-width/-/get-east-asian-width-1.5.0.tgz 45ms (cache miss)
262 http fetch GET 200 https://registry.npmjs.org/is-url/-/is-url-1.2.4.tgz 47ms (cache miss)
263 http fetch GET 200 https://registry.npmjs.org/ms/-/ms-2.1.2.tgz 46ms (cache miss)
264 http fetch GET 200 https://registry.npmjs.org/is2/-/is2-2.0.9.tgz 46ms (cache miss)
265 http fetch GET 200 https://registry.npmjs.org/debug/-/debug-4.3.1.tgz 59ms (cache miss)
266 http fetch GET 200 https://registry.npmjs.org/is-unicode-supported/-/is-unicode-supported-2.1.0.tgz 71ms (cache miss)
267 http fetch GET 200 https://registry.npmjs.org/cli-cursor/-/cli-cursor-5.0.0.tgz 72ms (cache miss)
268 http fetch GET 200 https://registry.npmjs.org/string-width/-/string-width-7.2.0.tgz 72ms (cache miss)
269 http fetch GET 200 https://registry.npmjs.org/log-symbols/-/log-symbols-6.0.0.tgz 72ms (cache miss)
270 http fetch GET 200 https://registry.npmjs.org/ansi-colors/-/ansi-colors-4.1.3.tgz 72ms (cache miss)
271 http fetch GET 200 https://registry.npmjs.org/cli-spinners/-/cli-spinners-2.9.2.tgz 71ms (cache miss)
272 http fetch GET 200 https://registry.npmjs.org/emoji-regex/-/emoji-regex-10.6.0.tgz 81ms (cache miss)
273 http fetch GET 200 https://registry.npmjs.org/tcp-port-used/-/tcp-port-used-1.0.2.tgz 79ms (cache miss)
274 http fetch GET 200 https://registry.npmjs.org/stdin-discarder/-/stdin-discarder-0.2.2.tgz 82ms (cache miss)
275 http fetch GET 200 https://registry.npmjs.org/ora/-/ora-8.2.0.tgz 84ms (cache miss)
276 http fetch GET 200 https://registry.npmjs.org/mimic-function/-/mimic-function-5.0.1.tgz 89ms (cache miss)
277 http fetch GET 200 https://registry.npmjs.org/signal-exit/-/signal-exit-4.1.0.tgz 90ms (cache miss)
278 http fetch GET 200 https://registry.npmjs.org/restore-cursor/-/restore-cursor-5.1.0.tgz 93ms (cache miss)
279 http fetch GET 200 https://registry.npmjs.org/command-exists/-/command-exists-1.2.9.tgz 94ms (cache miss)
280 http fetch GET 200 https://registry.npmjs.org/chalk/-/chalk-5.6.2.tgz 96ms (cache miss)
281 http fetch GET 200 https://registry.npmjs.org/strip-ansi/-/strip-ansi-6.0.1.tgz 97ms (cache miss)
282 http fetch GET 200 https://registry.npmjs.org/commander/-/commander-11.1.0.tgz 98ms (cache miss)
283 http fetch GET 200 https://registry.npmjs.org/onetime/-/onetime-7.0.0.tgz 106ms (cache miss)
284 http fetch GET 200 https://registry.npmjs.org/is-unicode-supported/-/is-unicode-supported-1.3.0.tgz 104ms (cache miss)
285 http fetch GET 200 https://registry.npmjs.org/ansi-regex/-/ansi-regex-6.2.2.tgz 105ms (cache miss)
286 http fetch GET 200 https://registry.npmjs.org/enquirer/-/enquirer-2.4.1.tgz 108ms (cache miss)
287 http fetch GET 200 https://registry.npmjs.org/@iarna/toml/-/toml-2.2.5.tgz 107ms (cache miss)
288 http fetch GET 200 https://registry.npmjs.org/ansi-regex/-/ansi-regex-6.2.2.tgz 111ms (cache miss)
289 http fetch GET 200 https://registry.npmjs.org/is-interactive/-/is-interactive-2.0.0.tgz 112ms (cache miss)
290 http fetch GET 200 https://registry.npmjs.org/strip-ansi/-/strip-ansi-7.2.0.tgz 117ms (cache miss)
291 http fetch GET 200 https://registry.npmjs.org/strip-ansi/-/strip-ansi-7.2.0.tgz 116ms (cache miss)
292 http fetch POST 200 https://registry.npmjs.org/-/npm/v1/security/advisories/bulk 134ms
293 silly audit report {}
294 http fetch GET 200 https://registry.npmjs.org/blowfish-tools/-/blowfish-tools-1.13.1.tgz 127ms (cache miss)
295 verbose cwd /Users/tener/project/blog
296 verbose os Darwin 25.4.0
297 verbose node v24.14.0
298 verbose npm  v11.9.0
299 notice
299 notice New [33mminor[39m version of npm available! [33m11.9.0[39m -> [34m11.12.1[39m
299 notice Changelog: [34mhttps://github.com/npm/cli/releases/tag/v11.12.1[39m
299 notice To update run: [4mnpm install -g npm@11.12.1[24m
299 notice  { force: true, Symbol(proc-log.meta): true }
300 verbose exit 1
301 verbose code 1
